Determining if the pthread_create exist failed with the following output:
Change Dir: /home/prem/learning/opencv/labs/week3/cpp/build/dlib_build/cudnn_test_build/CMakeFiles/CMakeTmp

Run Build Command:"/usr/bin/make" "cmTC_72cff/fast"
/usr/bin/make -f CMakeFiles/cmTC_72cff.dir/build.make CMakeFiles/cmTC_72cff.dir/build
make[1]: Entering directory '/home/prem/learning/opencv/labs/week3/cpp/build/dlib_build/cudnn_test_build/CMakeFiles/CMakeTmp'
Building C object CMakeFiles/cmTC_72cff.dir/CheckSymbolExists.c.o
/usr/bin/cc    -fPIC    -o CMakeFiles/cmTC_72cff.dir/CheckSymbolExists.c.o   -c /home/prem/learning/opencv/labs/week3/cpp/build/dlib_build/cudnn_test_build/CMakeFiles/CMakeTmp/CheckSymbolExists.c
Linking C executable cmTC_72cff
/usr/bin/cmake -E cmake_link_script CMakeFiles/cmTC_72cff.dir/link.txt --verbose=1
/usr/bin/cc  -fPIC     CMakeFiles/cmTC_72cff.dir/CheckSymbolExists.c.o  -o cmTC_72cff -rdynamic 
CMakeFiles/cmTC_72cff.dir/CheckSymbolExists.c.o: In function `main':
CheckSymbolExists.c:(.text+0x1b): undefined reference to `pthread_create'
collect2: error: ld returned 1 exit status
CMakeFiles/cmTC_72cff.dir/build.make:97: recipe for target 'cmTC_72cff' failed
make[1]: *** [cmTC_72cff] Error 1
make[1]: Leaving directory '/home/prem/learning/opencv/labs/week3/cpp/build/dlib_build/cudnn_test_build/CMakeFiles/CMakeTmp'
Makefile:126: recipe for target 'cmTC_72cff/fast' failed
make: *** [cmTC_72cff/fast] Error 2

File /home/prem/learning/opencv/labs/week3/cpp/build/dlib_build/cudnn_test_build/CMakeFiles/CMakeTmp/CheckSymbolExists.c:
/* */
#include <pthread.h>

int main(int argc, char** argv)
{
  (void)argv;
#ifndef pthread_create
  return ((int*)(&pthread_create))[argc];
#else
  (void)argc;
  return 0;
#endif
}

Determining if the function pthread_create exists in the pthreads failed with the following output:
Change Dir: /home/prem/learning/opencv/labs/week3/cpp/build/dlib_build/cudnn_test_build/CMakeFiles/CMakeTmp

Run Build Command:"/usr/bin/make" "cmTC_14255/fast"
/usr/bin/make -f CMakeFiles/cmTC_14255.dir/build.make CMakeFiles/cmTC_14255.dir/build
make[1]: Entering directory '/home/prem/learning/opencv/labs/week3/cpp/build/dlib_build/cudnn_test_build/CMakeFiles/CMakeTmp'
Building C object CMakeFiles/cmTC_14255.dir/CheckFunctionExists.c.o
/usr/bin/cc    -fPIC -DCHECK_FUNCTION_EXISTS=pthread_create   -o CMakeFiles/cmTC_14255.dir/CheckFunctionExists.c.o   -c /usr/share/cmake-3.5/Modules/CheckFunctionExists.c
Linking C executable cmTC_14255
/usr/bin/cmake -E cmake_link_script CMakeFiles/cmTC_14255.dir/link.txt --verbose=1
/usr/bin/cc  -fPIC -DCHECK_FUNCTION_EXISTS=pthread_create    CMakeFiles/cmTC_14255.dir/CheckFunctionExists.c.o  -o cmTC_14255 -rdynamic -lpthreads 
/usr/bin/ld: cannot find -lpthreads
collect2: error: ld returned 1 exit status
CMakeFiles/cmTC_14255.dir/build.make:97: recipe for target 'cmTC_14255' failed
make[1]: *** [cmTC_14255] Error 1
make[1]: Leaving directory '/home/prem/learning/opencv/labs/week3/cpp/build/dlib_build/cudnn_test_build/CMakeFiles/CMakeTmp'
Makefile:126: recipe for target 'cmTC_14255/fast' failed
make: *** [cmTC_14255/fast] Error 2


