Determining if the pthread_create exist failed with the following output:
Change Dir: /home/prem/learning/opencv/labs/proj/cpp/build/CMakeFiles/CMakeTmp

Run Build Command:"/usr/bin/make" "cmTC_94783/fast"
/usr/bin/make -f CMakeFiles/cmTC_94783.dir/build.make CMakeFiles/cmTC_94783.dir/build
make[1]: Entering directory '/home/prem/learning/opencv/labs/proj/cpp/build/CMakeFiles/CMakeTmp'
Building C object CMakeFiles/cmTC_94783.dir/CheckSymbolExists.c.o
/usr/bin/cc     -o CMakeFiles/cmTC_94783.dir/CheckSymbolExists.c.o   -c /home/prem/learning/opencv/labs/proj/cpp/build/CMakeFiles/CMakeTmp/CheckSymbolExists.c
Linking C executable cmTC_94783
/usr/bin/cmake -E cmake_link_script CMakeFiles/cmTC_94783.dir/link.txt --verbose=1
/usr/bin/cc       CMakeFiles/cmTC_94783.dir/CheckSymbolExists.c.o  -o cmTC_94783 -rdynamic 
CMakeFiles/cmTC_94783.dir/CheckSymbolExists.c.o: In function `main':
CheckSymbolExists.c:(.text+0x16): undefined reference to `pthread_create'
collect2: error: ld returned 1 exit status
CMakeFiles/cmTC_94783.dir/build.make:97: recipe for target 'cmTC_94783' failed
make[1]: *** [cmTC_94783] Error 1
make[1]: Leaving directory '/home/prem/learning/opencv/labs/proj/cpp/build/CMakeFiles/CMakeTmp'
Makefile:126: recipe for target 'cmTC_94783/fast' failed
make: *** [cmTC_94783/fast] Error 2

File /home/prem/learning/opencv/labs/proj/cpp/build/CMakeFiles/CMakeTmp/CheckSymbolExists.c:
/* */
#include <pthread.h>

int main(int argc, char** argv)
{
  (void)argv;
#ifndef pthread_create
  return ((int*)(&pthread_create))[argc];
#else
  (void)argc;
  return 0;
#endif
}

Determining if the function pthread_create exists in the pthreads failed with the following output:
Change Dir: /home/prem/learning/opencv/labs/proj/cpp/build/CMakeFiles/CMakeTmp

Run Build Command:"/usr/bin/make" "cmTC_679a2/fast"
/usr/bin/make -f CMakeFiles/cmTC_679a2.dir/build.make CMakeFiles/cmTC_679a2.dir/build
make[1]: Entering directory '/home/prem/learning/opencv/labs/proj/cpp/build/CMakeFiles/CMakeTmp'
Building C object CMakeFiles/cmTC_679a2.dir/CheckFunctionExists.c.o
/usr/bin/cc    -DCHECK_FUNCTION_EXISTS=pthread_create   -o CMakeFiles/cmTC_679a2.dir/CheckFunctionExists.c.o   -c /usr/share/cmake-3.5/Modules/CheckFunctionExists.c
Linking C executable cmTC_679a2
/usr/bin/cmake -E cmake_link_script CMakeFiles/cmTC_679a2.dir/link.txt --verbose=1
/usr/bin/cc   -DCHECK_FUNCTION_EXISTS=pthread_create    CMakeFiles/cmTC_679a2.dir/CheckFunctionExists.c.o  -o cmTC_679a2 -rdynamic -lpthreads 
/usr/bin/ld: cannot find -lpthreads
collect2: error: ld returned 1 exit status
CMakeFiles/cmTC_679a2.dir/build.make:97: recipe for target 'cmTC_679a2' failed
make[1]: *** [cmTC_679a2] Error 1
make[1]: Leaving directory '/home/prem/learning/opencv/labs/proj/cpp/build/CMakeFiles/CMakeTmp'
Makefile:126: recipe for target 'cmTC_679a2/fast' failed
make: *** [cmTC_679a2/fast] Error 2


Determining if the function sgetrf_single exists failed with the following output:
Change Dir: /home/prem/learning/opencv/labs/proj/cpp/build/CMakeFiles/CMakeTmp

Run Build Command:"/usr/bin/make" "cmTC_36285/fast"
make[1]: Entering directory '/home/prem/learning/opencv/labs/proj/cpp/build/CMakeFiles/CMakeTmp'
/usr/bin/make -f CMakeFiles/cmTC_36285.dir/build.make CMakeFiles/cmTC_36285.dir/build
make[2]: Entering directory '/home/prem/learning/opencv/labs/proj/cpp/build/CMakeFiles/CMakeTmp'
Building C object CMakeFiles/cmTC_36285.dir/CheckFunctionExists.c.o
/usr/bin/cc    -DCHECK_FUNCTION_EXISTS=sgetrf_single   -o CMakeFiles/cmTC_36285.dir/CheckFunctionExists.c.o   -c /usr/share/cmake-3.5/Modules/CheckFunctionExists.c
Linking C executable cmTC_36285
/usr/bin/cmake -E cmake_link_script CMakeFiles/cmTC_36285.dir/link.txt --verbose=1
/usr/bin/cc   -DCHECK_FUNCTION_EXISTS=sgetrf_single    CMakeFiles/cmTC_36285.dir/CheckFunctionExists.c.o  -o cmTC_36285 -rdynamic /usr/lib/libcblas.so 
CMakeFiles/cmTC_36285.dir/CheckFunctionExists.c.o: In function `main':
CheckFunctionExists.c:(.text+0x15): undefined reference to `sgetrf_single'
collect2: error: ld returned 1 exit status
CMakeFiles/cmTC_36285.dir/build.make:98: recipe for target 'cmTC_36285' failed
make[2]: *** [cmTC_36285] Error 1
make[2]: Leaving directory '/home/prem/learning/opencv/labs/proj/cpp/build/CMakeFiles/CMakeTmp'
Makefile:126: recipe for target 'cmTC_36285/fast' failed
make[1]: *** [cmTC_36285/fast] Error 2
make[1]: Leaving directory '/home/prem/learning/opencv/labs/proj/cpp/build/CMakeFiles/CMakeTmp'


