Determining if the pthread_create exist failed with the following output:
Change Dir: /home/prem/learning/opencv/labs/week0/cpp/build/dlib_build/cudnn_test_build/CMakeFiles/CMakeTmp

Run Build Command:"/usr/bin/make" "cmTC_81c3d/fast"
/usr/bin/make -f CMakeFiles/cmTC_81c3d.dir/build.make CMakeFiles/cmTC_81c3d.dir/build
make[1]: Entering directory '/home/prem/learning/opencv/labs/week0/cpp/build/dlib_build/cudnn_test_build/CMakeFiles/CMakeTmp'
Building C object CMakeFiles/cmTC_81c3d.dir/CheckSymbolExists.c.o
/usr/bin/cc    -fPIC    -o CMakeFiles/cmTC_81c3d.dir/CheckSymbolExists.c.o   -c /home/prem/learning/opencv/labs/week0/cpp/build/dlib_build/cudnn_test_build/CMakeFiles/CMakeTmp/CheckSymbolExists.c
Linking C executable cmTC_81c3d
/usr/bin/cmake -E cmake_link_script CMakeFiles/cmTC_81c3d.dir/link.txt --verbose=1
/usr/bin/cc  -fPIC     CMakeFiles/cmTC_81c3d.dir/CheckSymbolExists.c.o  -o cmTC_81c3d -rdynamic 
CMakeFiles/cmTC_81c3d.dir/CheckSymbolExists.c.o: In function `main':
CheckSymbolExists.c:(.text+0x1b): undefined reference to `pthread_create'
collect2: error: ld returned 1 exit status
CMakeFiles/cmTC_81c3d.dir/build.make:97: recipe for target 'cmTC_81c3d' failed
make[1]: *** [cmTC_81c3d] Error 1
make[1]: Leaving directory '/home/prem/learning/opencv/labs/week0/cpp/build/dlib_build/cudnn_test_build/CMakeFiles/CMakeTmp'
Makefile:126: recipe for target 'cmTC_81c3d/fast' failed
make: *** [cmTC_81c3d/fast] Error 2

File /home/prem/learning/opencv/labs/week0/cpp/build/dlib_build/cudnn_test_build/CMakeFiles/CMakeTmp/CheckSymbolExists.c:
/* */
#include <pthread.h>

int main(int argc, char** argv)
{
  (void)argv;
#ifndef pthread_create
  return ((int*)(&pthread_create))[argc];
#else
  (void)argc;
  return 0;
#endif
}

Determining if the function pthread_create exists in the pthreads failed with the following output:
Change Dir: /home/prem/learning/opencv/labs/week0/cpp/build/dlib_build/cudnn_test_build/CMakeFiles/CMakeTmp

Run Build Command:"/usr/bin/make" "cmTC_80e37/fast"
/usr/bin/make -f CMakeFiles/cmTC_80e37.dir/build.make CMakeFiles/cmTC_80e37.dir/build
make[1]: Entering directory '/home/prem/learning/opencv/labs/week0/cpp/build/dlib_build/cudnn_test_build/CMakeFiles/CMakeTmp'
Building C object CMakeFiles/cmTC_80e37.dir/CheckFunctionExists.c.o
/usr/bin/cc    -fPIC -DCHECK_FUNCTION_EXISTS=pthread_create   -o CMakeFiles/cmTC_80e37.dir/CheckFunctionExists.c.o   -c /usr/share/cmake-3.5/Modules/CheckFunctionExists.c
Linking C executable cmTC_80e37
/usr/bin/cmake -E cmake_link_script CMakeFiles/cmTC_80e37.dir/link.txt --verbose=1
/usr/bin/cc  -fPIC -DCHECK_FUNCTION_EXISTS=pthread_create    CMakeFiles/cmTC_80e37.dir/CheckFunctionExists.c.o  -o cmTC_80e37 -rdynamic -lpthreads 
/usr/bin/ld: cannot find -lpthreads
collect2: error: ld returned 1 exit status
CMakeFiles/cmTC_80e37.dir/build.make:97: recipe for target 'cmTC_80e37' failed
make[1]: *** [cmTC_80e37] Error 1
make[1]: Leaving directory '/home/prem/learning/opencv/labs/week0/cpp/build/dlib_build/cudnn_test_build/CMakeFiles/CMakeTmp'
Makefile:126: recipe for target 'cmTC_80e37/fast' failed
make: *** [cmTC_80e37/fast] Error 2


